0 info it worked if it ends with ok
1 verbose cli [ '/usr/local/Cellar/node/0.8.14/bin/node',
1 verbose cli   '/usr/local/bin/npm',
1 verbose cli   'start' ]
2 info using npm@1.1.65
3 info using node@v0.8.14
4 verbose read json /Users/wizard/src/arduino-bridge/package.json
5 warn package.json sweater-bridge@0.0.0 No README.md file found!
6 verbose run-script [ 'prestart', 'start', 'poststart' ]
7 info prestart sweater-bridge@0.0.0
8 info start sweater-bridge@0.0.0
9 verbose unsafe-perm in lifecycle true
10 silly exec sh "-c" "server.js"
11 silly sh,-c,server.js,/Users/wizard/src/arduino-bridge spawning
12 info sweater-bridge@0.0.0 Failed to exec start script
13 error sweater-bridge@0.0.0 start: `server.js`
13 error `sh "-c" "server.js"` failed with 127
14 error Failed at the sweater-bridge@0.0.0 start script.
14 error This is most likely a problem with the sweater-bridge package,
14 error not with npm itself.
14 error Tell the author that this fails on your system:
14 error     server.js
14 error You can get their info via:
14 error     npm owner ls sweater-bridge
14 error There is likely additional logging output above.
15 error System Darwin 12.2.0
16 error command "/usr/local/Cellar/node/0.8.14/bin/node" "/usr/local/bin/npm" "start"
17 error cwd /Users/wizard/src/arduino-bridge
18 error node -v v0.8.14
19 error npm -v 1.1.65
20 error code ELIFECYCLE
21 verbose exit [ 1, true ]
